<?xml version="1.0" encoding="UTF-8"?>
<!-- Generated by org.testng.reporters.JUnitXMLReporter -->
<testsuite ignored="2" hostname="VIDHYA" failures="0" tests="3" name="Test1" time="30.148" errors="0" timestamp="2025-07-29T19:43:16 IST">
  <testcase classname="campaign.campaignTest" name="toCreateCampaignwithExpectedDate" time="7.465"/>
  <testcase classname="campaign.campaignTest" name="toCreateCampaignwithMAndatoryFieldsTest" time="2.515"/>
  <testcase classname="Product.productTest" name="createproductTest" time="2.601"/>
  <testcase classname="baseclass.BaseClass" name="@AfterSuite dbClose" time="0.0">
    <ignored/>
  </testcase> <!-- @AfterSuite dbClose -->
  <testcase classname="baseclass.BaseClass" name="@BeforeSuite databaseO" time="0.0">
    <ignored/>
  </testcase> <!-- @BeforeSuite databaseO -->
</testsuite> <!-- Test1 -->
