<?xml version="1.0" encoding="UTF-8"?>
<testng-results ignored="0" total="1" passed="1" failed="0" skipped="0">
  <reporter-output>
  </reporter-output>
  <suite started-at="2025-08-04T20:57:04 IST" name="Default suite" finished-at="2025-08-04T20:57:04 IST" duration-ms="76">
    <groups>
    </groups>
    <test started-at="2025-08-04T20:57:04 IST" name="Default test" finished-at="2025-08-04T20:57:04 IST" duration-ms="76">
      <class name="CommandTest.commandLineTest">
        <test-method signature="commandLineTest()[pri:0, instance:CommandTest.commandLineTest@1ffaf86]" started-at="2025-08-04T20:57:04 IST" name="commandLineTest" finished-at="2025-08-04T20:57:04 IST" duration-ms="13" status="PASS">
          <reporter-output>
          </reporter-output>
        </test-method> <!-- commandLineTest -->
      </class> <!-- CommandTest.commandLineTest -->
    </test> <!-- Default test -->
  </suite> <!-- Default suite -->
</testng-results>
